\BOOKMARK [0][-]{chapter.1}{\376\377\0001\000\040\000C\000l\000a\000s\000s\000\040\000I\000n\000d\000e\000x}{}% 1
\BOOKMARK [1][-]{section.1.1}{\376\377\0001\000.\0001\000\040\000C\000l\000a\000s\000s\000\040\000L\000i\000s\000t}{chapter.1}% 2
\BOOKMARK [0][-]{chapter.2}{\376\377\0002\000\040\000F\000i\000l\000e\000\040\000I\000n\000d\000e\000x}{}% 3
\BOOKMARK [1][-]{section.2.1}{\376\377\0002\000.\0001\000\040\000F\000i\000l\000e\000\040\000L\000i\000s\000t}{chapter.2}% 4
\BOOKMARK [0][-]{chapter.3}{\376\377\0003\000\040\000C\000l\000a\000s\000s\000\040\000D\000o\000c\000u\000m\000e\000n\000t\000a\000t\000i\000o\000n}{}% 5
\BOOKMARK [1][-]{section.3.1}{\376\377\0003\000.\0001\000\040\000A\000n\000a\000l\000y\000z\000e\000r\000\040\000C\000l\000a\000s\000s\000\040\000R\000e\000f\000e\000r\000e\000n\000c\000e}{chapter.3}% 6
\BOOKMARK [2][-]{subsection.3.1.1}{\376\377\0003\000.\0001\000.\0001\000\040\000M\000e\000m\000b\000e\000r\000\040\000F\000u\000n\000c\000t\000i\000o\000n\000\040\000D\000o\000c\000u\000m\000e\000n\000t\000a\000t\000i\000o\000n}{section.3.1}% 7
\BOOKMARK [3][-]{subsubsection.3.1.1.1}{\376\377\0003\000.\0001\000.\0001\000.\0001\000\040\000c\000o\000n\000s\000u\000m\000e\000\050\000\051}{subsection.3.1.1}% 8
\BOOKMARK [3][-]{subsubsection.3.1.1.2}{\376\377\0003\000.\0001\000.\0001\000.\0002\000\040\000g\000e\000t\000R\000e\000s\000u\000l\000t\000s\000\050\000\051}{subsection.3.1.1}% 9
\BOOKMARK [1][-]{section.3.2}{\376\377\0003\000.\0002\000\040\000B\000l\000o\000c\000k\000\040\000C\000l\000a\000s\000s\000\040\000R\000e\000f\000e\000r\000e\000n\000c\000e}{chapter.3}% 10
\BOOKMARK [2][-]{subsection.3.2.1}{\376\377\0003\000.\0002\000.\0001\000\040\000C\000o\000n\000s\000t\000r\000u\000c\000t\000o\000r\000\040\000\046\000\040\000D\000e\000s\000t\000r\000u\000c\000t\000o\000r\000\040\000D\000o\000c\000u\000m\000e\000n\000t\000a\000t\000i\000o\000n}{section.3.2}% 11
\BOOKMARK [3][-]{subsubsection.3.2.1.1}{\376\377\0003\000.\0002\000.\0001\000.\0001\000\040\000B\000l\000o\000c\000k\000\050\000\051}{subsection.3.2.1}% 12
\BOOKMARK [2][-]{subsection.3.2.2}{\376\377\0003\000.\0002\000.\0002\000\040\000M\000e\000m\000b\000e\000r\000\040\000F\000u\000n\000c\000t\000i\000o\000n\000\040\000D\000o\000c\000u\000m\000e\000n\000t\000a\000t\000i\000o\000n}{section.3.2}% 13
\BOOKMARK [3][-]{subsubsection.3.2.2.1}{\376\377\0003\000.\0002\000.\0002\000.\0001\000\040\000A\000d\000d\000R\000e\000c\000o\000r\000d\000\050\000\051}{subsection.3.2.2}% 14
\BOOKMARK [3][-]{subsubsection.3.2.2.2}{\376\377\0003\000.\0002\000.\0002\000.\0002\000\040\000G\000e\000t\000B\000y\000t\000e\000M\000a\000x\000S\000i\000z\000e\000\050\000\051}{subsection.3.2.2}% 15
\BOOKMARK [3][-]{subsubsection.3.2.2.3}{\376\377\0003\000.\0002\000.\0002\000.\0003\000\040\000G\000e\000t\000B\000y\000t\000e\000M\000i\000n\000S\000i\000z\000e\000\050\000\051}{subsection.3.2.2}% 16
\BOOKMARK [3][-]{subsubsection.3.2.2.4}{\376\377\0003\000.\0002\000.\0002\000.\0004\000\040\000G\000e\000t\000B\000y\000t\000e\000S\000i\000z\000e\000\050\000\051}{subsection.3.2.2}% 17
\BOOKMARK [3][-]{subsubsection.3.2.2.5}{\376\377\0003\000.\0002\000.\0002\000.\0005\000\040\000G\000e\000t\000N\000e\000x\000t\000R\000B\000N\000\050\000\051}{subsection.3.2.2}% 18
\BOOKMARK [3][-]{subsubsection.3.2.2.6}{\376\377\0003\000.\0002\000.\0002\000.\0006\000\040\000G\000e\000t\000P\000r\000e\000v\000R\000B\000N\000\050\000\051}{subsection.3.2.2}% 19
\BOOKMARK [3][-]{subsubsection.3.2.2.7}{\376\377\0003\000.\0002\000.\0002\000.\0007\000\040\000G\000e\000t\000R\000B\000N\000\050\000\051}{subsection.3.2.2}% 20
\BOOKMARK [3][-]{subsubsection.3.2.2.8}{\376\377\0003\000.\0002\000.\0002\000.\0008\000\040\000G\000e\000t\000R\000e\000c\000o\000r\000d\000C\000o\000u\000n\000t\000\050\000\051}{subsection.3.2.2}% 21
\BOOKMARK [3][-]{subsubsection.3.2.2.9}{\376\377\0003\000.\0002\000.\0002\000.\0009\000\040\000G\000e\000t\000R\000e\000c\000o\000r\000d\000s\000\050\000\051}{subsection.3.2.2}% 22
\BOOKMARK [3][-]{subsubsection.3.2.2.10}{\376\377\0003\000.\0002\000.\0002\000.\0001\0000\000\040\000R\000e\000a\000d\000B\000l\000o\000c\000k\000\050\000\051}{subsection.3.2.2}% 23
\BOOKMARK [3][-]{subsubsection.3.2.2.11}{\376\377\0003\000.\0002\000.\0002\000.\0001\0001\000\040\000R\000e\000m\000o\000v\000e\000R\000e\000c\000o\000r\000d\000A\000t\000\050\000\051}{subsection.3.2.2}% 24
\BOOKMARK [3][-]{subsubsection.3.2.2.12}{\376\377\0003\000.\0002\000.\0002\000.\0001\0002\000\040\000S\000e\000t\000N\000e\000x\000t\000R\000B\000N\000\050\000\051}{subsection.3.2.2}% 25
\BOOKMARK [3][-]{subsubsection.3.2.2.13}{\376\377\0003\000.\0002\000.\0002\000.\0001\0003\000\040\000S\000e\000t\000P\000r\000e\000v\000R\000B\000N\000\050\000\051}{subsection.3.2.2}% 26
\BOOKMARK [3][-]{subsubsection.3.2.2.14}{\376\377\0003\000.\0002\000.\0002\000.\0001\0004\000\040\000W\000r\000i\000t\000e\000B\000l\000o\000c\000k\000\050\000\051}{subsection.3.2.2}% 27
\BOOKMARK [1][-]{section.3.3}{\376\377\0003\000.\0003\000\040\000B\000l\000o\000c\000k\000B\000u\000f\000f\000e\000r\000\040\000C\000l\000a\000s\000s\000\040\000R\000e\000f\000e\000r\000e\000n\000c\000e}{chapter.3}% 28
\BOOKMARK [2][-]{subsection.3.3.1}{\376\377\0003\000.\0003\000.\0001\000\040\000D\000e\000t\000a\000i\000l\000e\000d\000\040\000D\000e\000s\000c\000r\000i\000p\000t\000i\000o\000n}{section.3.3}% 29
\BOOKMARK [2][-]{subsection.3.3.2}{\376\377\0003\000.\0003\000.\0002\000\040\000C\000o\000n\000s\000t\000r\000u\000c\000t\000o\000r\000\040\000\046\000\040\000D\000e\000s\000t\000r\000u\000c\000t\000o\000r\000\040\000D\000o\000c\000u\000m\000e\000n\000t\000a\000t\000i\000o\000n}{section.3.3}% 30
\BOOKMARK [3][-]{subsubsection.3.3.2.1}{\376\377\0003\000.\0003\000.\0002\000.\0001\000\040\000B\000l\000o\000c\000k\000B\000u\000f\000f\000e\000r\000\050\000\051}{subsection.3.3.2}% 31
\BOOKMARK [2][-]{subsection.3.3.3}{\376\377\0003\000.\0003\000.\0003\000\040\000M\000e\000m\000b\000e\000r\000\040\000F\000u\000n\000c\000t\000i\000o\000n\000\040\000D\000o\000c\000u\000m\000e\000n\000t\000a\000t\000i\000o\000n}{section.3.3}% 32
\BOOKMARK [3][-]{subsubsection.3.3.3.1}{\376\377\0003\000.\0003\000.\0003\000.\0001\000\040\000C\000l\000e\000a\000r\000\050\000\051}{subsection.3.3.3}% 33
\BOOKMARK [3][-]{subsubsection.3.3.3.2}{\376\377\0003\000.\0003\000.\0003\000.\0002\000\040\000I\000n\000i\000t\000\050\000\051}{subsection.3.3.3}% 34
\BOOKMARK [3][-]{subsubsection.3.3.3.3}{\376\377\0003\000.\0003\000.\0003\000.\0003\000\040\000P\000a\000c\000k\000\050\000\051}{subsection.3.3.3}% 35
\BOOKMARK [3][-]{subsubsection.3.3.3.4}{\376\377\0003\000.\0003\000.\0003\000.\0004\000\040\000P\000r\000i\000n\000t\000\050\000\051}{subsection.3.3.3}% 36
\BOOKMARK [3][-]{subsubsection.3.3.3.5}{\376\377\0003\000.\0003\000.\0003\000.\0005\000\040\000R\000e\000a\000d\000\050\000\051}{subsection.3.3.3}% 37
\BOOKMARK [3][-]{subsubsection.3.3.3.6}{\376\377\0003\000.\0003\000.\0003\000.\0006\000\040\000U\000n\000p\000a\000c\000k\000\050\000\051}{subsection.3.3.3}% 38
\BOOKMARK [3][-]{subsubsection.3.3.3.7}{\376\377\0003\000.\0003\000.\0003\000.\0007\000\040\000U\000n\000p\000a\000c\000k\000F\000i\000e\000l\000d\000s\000T\000o\000R\000e\000c\000o\000r\000d\000\050\000\051}{subsection.3.3.3}% 39
\BOOKMARK [3][-]{subsubsection.3.3.3.8}{\376\377\0003\000.\0003\000.\0003\000.\0008\000\040\000U\000n\000p\000a\000c\000k\000R\000e\000c\000o\000r\000d\000F\000r\000o\000m\000B\000l\000o\000c\000k\000\050\000\051\000\040\000[\0001\000/\0002\000]}{subsection.3.3.3}% 40
\BOOKMARK [3][-]{subsubsection.3.3.3.9}{\376\377\0003\000.\0003\000.\0003\000.\0009\000\040\000U\000n\000p\000a\000c\000k\000R\000e\000c\000o\000r\000d\000F\000r\000o\000m\000B\000l\000o\000c\000k\000\050\000\051\000\040\000[\0002\000/\0002\000]}{subsection.3.3.3}% 41
\BOOKMARK [3][-]{subsubsection.3.3.3.10}{\376\377\0003\000.\0003\000.\0003\000.\0001\0000\000\040\000W\000r\000i\000t\000e\000\050\000\051}{subsection.3.3.3}% 42
\BOOKMARK [1][-]{section.3.4}{\376\377\0003\000.\0004\000\040\000B\000l\000o\000c\000k\000e\000d\000S\000e\000q\000u\000e\000n\000c\000e\000\040\000C\000l\000a\000s\000s\000\040\000R\000e\000f\000e\000r\000e\000n\000c\000e}{chapter.3}% 43
\BOOKMARK [2][-]{subsection.3.4.1}{\376\377\0003\000.\0004\000.\0001\000\040\000C\000o\000n\000s\000t\000r\000u\000c\000t\000o\000r\000\040\000\046\000\040\000D\000e\000s\000t\000r\000u\000c\000t\000o\000r\000\040\000D\000o\000c\000u\000m\000e\000n\000t\000a\000t\000i\000o\000n}{section.3.4}% 44
\BOOKMARK [3][-]{subsubsection.3.4.1.1}{\376\377\0003\000.\0004\000.\0001\000.\0001\000\040\000B\000l\000o\000c\000k\000e\000d\000S\000e\000q\000u\000e\000n\000c\000e\000\050\000\051}{subsection.3.4.1}% 45
\BOOKMARK [2][-]{subsection.3.4.2}{\376\377\0003\000.\0004\000.\0002\000\040\000M\000e\000m\000b\000e\000r\000\040\000F\000u\000n\000c\000t\000i\000o\000n\000\040\000D\000o\000c\000u\000m\000e\000n\000t\000a\000t\000i\000o\000n}{section.3.4}% 46
\BOOKMARK [3][-]{subsubsection.3.4.2.1}{\376\377\0003\000.\0004\000.\0002\000.\0001\000\040\000A\000p\000p\000e\000n\000d\000R\000e\000c\000o\000r\000d\000\050\000\051}{subsection.3.4.2}% 47
\BOOKMARK [3][-]{subsubsection.3.4.2.2}{\376\377\0003\000.\0004\000.\0002\000.\0002\000\040\000D\000e\000l\000e\000t\000e\000\050\000\051}{subsection.3.4.2}% 48
\BOOKMARK [3][-]{subsubsection.3.4.2.3}{\376\377\0003\000.\0004\000.\0002\000.\0003\000\040\000D\000u\000m\000p\000L\000o\000g\000i\000c\000a\000l\000B\000l\000o\000c\000k\000O\000r\000d\000e\000r\000\050\000\051}{subsection.3.4.2}% 49
\BOOKMARK [3][-]{subsubsection.3.4.2.4}{\376\377\0003\000.\0004\000.\0002\000.\0004\000\040\000D\000u\000m\000p\000L\000o\000g\000i\000c\000a\000l\000O\000r\000d\000e\000r\000\050\000\051}{subsection.3.4.2}% 50
\BOOKMARK [3][-]{subsubsection.3.4.2.5}{\376\377\0003\000.\0004\000.\0002\000.\0005\000\040\000D\000u\000m\000p\000P\000h\000y\000s\000i\000c\000a\000l\000B\000l\000o\000c\000k\000O\000r\000d\000e\000r\000\050\000\051}{subsection.3.4.2}% 51
\BOOKMARK [3][-]{subsubsection.3.4.2.6}{\376\377\0003\000.\0004\000.\0002\000.\0006\000\040\000G\000e\000t\000A\000v\000a\000i\000l\000L\000i\000s\000t\000S\000i\000z\000e\000\050\000\051}{subsection.3.4.2}% 52
\BOOKMARK [3][-]{subsubsection.3.4.2.7}{\376\377\0003\000.\0004\000.\0002\000.\0007\000\040\000G\000e\000t\000B\000l\000o\000c\000k\000\050\000\051}{subsection.3.4.2}% 53
\BOOKMARK [3][-]{subsubsection.3.4.2.8}{\376\377\0003\000.\0004\000.\0002\000.\0008\000\040\000G\000e\000t\000C\000o\000u\000n\000t\000\050\000\051}{subsection.3.4.2}% 54
\BOOKMARK [3][-]{subsubsection.3.4.2.9}{\376\377\0003\000.\0004\000.\0002\000.\0009\000\040\000G\000e\000t\000H\000e\000a\000d\000R\000B\000N\000\050\000\051}{subsection.3.4.2}% 55
\BOOKMARK [3][-]{subsubsection.3.4.2.10}{\376\377\0003\000.\0004\000.\0002\000.\0001\0000\000\040\000G\000e\000t\000N\000e\000x\000t\000R\000B\000N\000\050\000\051}{subsection.3.4.2}% 56
\BOOKMARK [3][-]{subsubsection.3.4.2.11}{\376\377\0003\000.\0004\000.\0002\000.\0001\0001\000\040\000G\000e\000t\000T\000a\000i\000l\000R\000B\000N\000\050\000\051}{subsection.3.4.2}% 57
\BOOKMARK [3][-]{subsubsection.3.4.2.12}{\376\377\0003\000.\0004\000.\0002\000.\0001\0002\000\040\000I\000n\000s\000e\000r\000t\000\050\000\051}{subsection.3.4.2}% 58
\BOOKMARK [3][-]{subsubsection.3.4.2.13}{\376\377\0003\000.\0004\000.\0002\000.\0001\0003\000\040\000I\000s\000E\000m\000p\000t\000y\000\050\000\051}{subsection.3.4.2}% 59
\BOOKMARK [3][-]{subsubsection.3.4.2.14}{\376\377\0003\000.\0004\000.\0002\000.\0001\0004\000\040\000L\000o\000a\000d\000A\000l\000l\000F\000r\000o\000m\000H\000e\000a\000d\000\050\000\051}{subsection.3.4.2}% 60
\BOOKMARK [3][-]{subsubsection.3.4.2.15}{\376\377\0003\000.\0004\000.\0002\000.\0001\0005\000\040\000W\000r\000i\000t\000e\000A\000l\000l\000\050\000\051}{subsection.3.4.2}% 61
\BOOKMARK [1][-]{section.3.5}{\376\377\0003\000.\0005\000\040\000C\000s\000v\000T\000o\000L\000e\000n\000g\000t\000h\000\040\000C\000l\000a\000s\000s\000\040\000R\000e\000f\000e\000r\000e\000n\000c\000e}{chapter.3}% 62
\BOOKMARK [2][-]{subsection.3.5.1}{\376\377\0003\000.\0005\000.\0001\000\040\000C\000o\000n\000s\000t\000r\000u\000c\000t\000o\000r\000\040\000\046\000\040\000D\000e\000s\000t\000r\000u\000c\000t\000o\000r\000\040\000D\000o\000c\000u\000m\000e\000n\000t\000a\000t\000i\000o\000n}{section.3.5}% 63
\BOOKMARK [3][-]{subsubsection.3.5.1.1}{\376\377\0003\000.\0005\000.\0001\000.\0001\000\040\000C\000s\000v\000T\000o\000L\000e\000n\000g\000t\000h\000\050\000\051}{subsection.3.5.1}% 64
\BOOKMARK [1][-]{section.3.6}{\376\377\0003\000.\0006\000\040\000H\000e\000a\000d\000e\000r\000B\000u\000f\000f\000e\000r\000\040\000C\000l\000a\000s\000s\000\040\000R\000e\000f\000e\000r\000e\000n\000c\000e}{chapter.3}% 65
\BOOKMARK [2][-]{subsection.3.6.1}{\376\377\0003\000.\0006\000.\0001\000\040\000M\000e\000m\000b\000e\000r\000\040\000F\000u\000n\000c\000t\000i\000o\000n\000\040\000D\000o\000c\000u\000m\000e\000n\000t\000a\000t\000i\000o\000n}{section.3.6}% 66
\BOOKMARK [3][-]{subsubsection.3.6.1.1}{\376\377\0003\000.\0006\000.\0001\000.\0001\000\040\000r\000e\000a\000d\000H\000e\000a\000d\000e\000r\000\050\000\051}{subsection.3.6.1}% 67
\BOOKMARK [3][-]{subsubsection.3.6.1.2}{\376\377\0003\000.\0006\000.\0001\000.\0002\000\040\000w\000r\000i\000t\000e\000H\000e\000a\000d\000e\000r\000\050\000\051}{subsection.3.6.1}% 68
\BOOKMARK [1][-]{section.3.7}{\376\377\0003\000.\0007\000\040\000H\000e\000a\000d\000e\000r\000R\000e\000c\000o\000r\000d\000\040\000C\000l\000a\000s\000s\000\040\000R\000e\000f\000e\000r\000e\000n\000c\000e}{chapter.3}% 69
\BOOKMARK [2][-]{subsection.3.7.1}{\376\377\0003\000.\0007\000.\0001\000\040\000D\000e\000t\000a\000i\000l\000e\000d\000\040\000D\000e\000s\000c\000r\000i\000p\000t\000i\000o\000n}{section.3.7}% 70
\BOOKMARK [2][-]{subsection.3.7.2}{\376\377\0003\000.\0007\000.\0002\000\040\000C\000o\000n\000s\000t\000r\000u\000c\000t\000o\000r\000\040\000\046\000\040\000D\000e\000s\000t\000r\000u\000c\000t\000o\000r\000\040\000D\000o\000c\000u\000m\000e\000n\000t\000a\000t\000i\000o\000n}{section.3.7}% 71
\BOOKMARK [3][-]{subsubsection.3.7.2.1}{\376\377\0003\000.\0007\000.\0002\000.\0001\000\040\000H\000e\000a\000d\000e\000r\000R\000e\000c\000o\000r\000d\000\050\000\051\000\040\000[\0001\000/\0002\000]}{subsection.3.7.2}% 72
\BOOKMARK [3][-]{subsubsection.3.7.2.2}{\376\377\0003\000.\0007\000.\0002\000.\0002\000\040\000H\000e\000a\000d\000e\000r\000R\000e\000c\000o\000r\000d\000\050\000\051\000\040\000[\0002\000/\0002\000]}{subsection.3.7.2}% 73
\BOOKMARK [2][-]{subsection.3.7.3}{\376\377\0003\000.\0007\000.\0003\000\040\000M\000e\000m\000b\000e\000r\000\040\000F\000u\000n\000c\000t\000i\000o\000n\000\040\000D\000o\000c\000u\000m\000e\000n\000t\000a\000t\000i\000o\000n}{section.3.7}% 74
\BOOKMARK [3][-]{subsubsection.3.7.3.1}{\376\377\0003\000.\0007\000.\0003\000.\0001\000\040\000C\000o\000n\000f\000i\000g\000u\000r\000e\000B\000l\000o\000c\000k\000e\000d\000S\000e\000q\000u\000e\000n\000c\000e\000H\000e\000a\000d\000e\000r\000\050\000\051}{subsection.3.7.3}% 75
\BOOKMARK [3][-]{subsubsection.3.7.3.2}{\376\377\0003\000.\0007\000.\0003\000.\0002\000\040\000G\000e\000t\000H\000e\000a\000d\000e\000r\000\050\000\051}{subsection.3.7.3}% 76
\BOOKMARK [3][-]{subsubsection.3.7.3.3}{\376\377\0003\000.\0007\000.\0003\000.\0003\000\040\000R\000e\000a\000d\000H\000e\000a\000d\000e\000r\000\050\000\051}{subsection.3.7.3}% 77
\BOOKMARK [3][-]{subsubsection.3.7.3.4}{\376\377\0003\000.\0007\000.\0003\000.\0004\000\040\000W\000r\000i\000t\000e\000H\000e\000a\000d\000e\000r\000\050\000\051}{subsection.3.7.3}% 78
\BOOKMARK [2][-]{subsection.3.7.4}{\376\377\0003\000.\0007\000.\0004\000\040\000F\000r\000i\000e\000n\000d\000s\000\040\000A\000n\000d\000\040\000R\000e\000l\000a\000t\000e\000d\000\040\000S\000y\000m\000b\000o\000l\000\040\000D\000o\000c\000u\000m\000e\000n\000t\000a\000t\000i\000o\000n}{section.3.7}% 79
\BOOKMARK [3][-]{subsubsection.3.7.4.1}{\376\377\0003\000.\0007\000.\0004\000.\0001\000\040\000H\000e\000a\000d\000e\000r\000B\000u\000f\000f\000e\000r}{subsection.3.7.4}% 80
\BOOKMARK [1][-]{section.3.8}{\376\377\0003\000.\0008\000\040\000L\000e\000n\000g\000t\000h\000\137\000I\000n\000d\000i\000c\000a\000t\000e\000d\000\137\000Z\000i\000p\000C\000o\000d\000e\000B\000u\000f\000f\000e\000r\000\040\000C\000l\000a\000s\000s\000\040\000R\000e\000f\000e\000r\000e\000n\000c\000e}{chapter.3}% 81
\BOOKMARK [2][-]{subsection.3.8.1}{\376\377\0003\000.\0008\000.\0001\000\040\000D\000e\000t\000a\000i\000l\000e\000d\000\040\000D\000e\000s\000c\000r\000i\000p\000t\000i\000o\000n}{section.3.8}% 82
\BOOKMARK [2][-]{subsection.3.8.2}{\376\377\0003\000.\0008\000.\0002\000\040\000C\000o\000n\000s\000t\000r\000u\000c\000t\000o\000r\000\040\000\046\000\040\000D\000e\000s\000t\000r\000u\000c\000t\000o\000r\000\040\000D\000o\000c\000u\000m\000e\000n\000t\000a\000t\000i\000o\000n}{section.3.8}% 83
\BOOKMARK [3][-]{subsubsection.3.8.2.1}{\376\377\0003\000.\0008\000.\0002\000.\0001\000\040\000L\000e\000n\000g\000t\000h\000\137\000I\000n\000d\000i\000c\000a\000t\000e\000d\000\137\000Z\000i\000p\000C\000o\000d\000e\000B\000u\000f\000f\000e\000r\000\050\000\051}{subsection.3.8.2}% 84
\BOOKMARK [3][-]{subsubsection.3.8.2.2}{\376\377\0003\000.\0008\000.\0002\000.\0002\000\040\000~\000L\000e\000n\000g\000t\000h\000\137\000I\000n\000d\000i\000c\000a\000t\000e\000d\000\137\000Z\000i\000p\000C\000o\000d\000e\000B\000u\000f\000f\000e\000r\000\050\000\051}{subsection.3.8.2}% 85
\BOOKMARK [2][-]{subsection.3.8.3}{\376\377\0003\000.\0008\000.\0003\000\040\000M\000e\000m\000b\000e\000r\000\040\000F\000u\000n\000c\000t\000i\000o\000n\000\040\000D\000o\000c\000u\000m\000e\000n\000t\000a\000t\000i\000o\000n}{section.3.8}% 86
\BOOKMARK [3][-]{subsubsection.3.8.3.1}{\376\377\0003\000.\0008\000.\0003\000.\0001\000\040\000p\000a\000c\000k\000R\000e\000c\000o\000r\000d\000\050\000\051}{subsection.3.8.3}% 87
\BOOKMARK [3][-]{subsubsection.3.8.3.2}{\376\377\0003\000.\0008\000.\0003\000.\0002\000\040\000r\000e\000a\000d\000N\000e\000x\000t\000\050\000\051}{subsection.3.8.3}% 88
\BOOKMARK [1][-]{section.3.9}{\376\377\0003\000.\0009\000\040\000P\000r\000i\000m\000a\000r\000y\000K\000e\000y\000I\000n\000d\000e\000x\000\040\000C\000l\000a\000s\000s\000\040\000R\000e\000f\000e\000r\000e\000n\000c\000e}{chapter.3}% 89
\BOOKMARK [2][-]{subsection.3.9.1}{\376\377\0003\000.\0009\000.\0001\000\040\000C\000o\000n\000s\000t\000r\000u\000c\000t\000o\000r\000\040\000\046\000\040\000D\000e\000s\000t\000r\000u\000c\000t\000o\000r\000\040\000D\000o\000c\000u\000m\000e\000n\000t\000a\000t\000i\000o\000n}{section.3.9}% 90
\BOOKMARK [3][-]{subsubsection.3.9.1.1}{\376\377\0003\000.\0009\000.\0001\000.\0001\000\040\000P\000r\000i\000m\000a\000r\000y\000K\000e\000y\000I\000n\000d\000e\000x\000\050\000\051}{subsection.3.9.1}% 91
\BOOKMARK [2][-]{subsection.3.9.2}{\376\377\0003\000.\0009\000.\0002\000\040\000M\000e\000m\000b\000e\000r\000\040\000F\000u\000n\000c\000t\000i\000o\000n\000\040\000D\000o\000c\000u\000m\000e\000n\000t\000a\000t\000i\000o\000n}{section.3.9}% 92
\BOOKMARK [3][-]{subsubsection.3.9.2.1}{\376\377\0003\000.\0009\000.\0002\000.\0001\000\040\000B\000u\000i\000l\000d\000F\000r\000o\000m\000B\000l\000o\000c\000k\000s\000\050\000\051}{subsection.3.9.2}% 93
\BOOKMARK [3][-]{subsubsection.3.9.2.2}{\376\377\0003\000.\0009\000.\0002\000.\0002\000\040\000D\000u\000m\000p\000\050\000\051}{subsection.3.9.2}% 94
\BOOKMARK [3][-]{subsubsection.3.9.2.3}{\376\377\0003\000.\0009\000.\0002\000.\0003\000\040\000f\000i\000n\000d\000\050\000\051}{subsection.3.9.2}% 95
\BOOKMARK [3][-]{subsubsection.3.9.2.4}{\376\377\0003\000.\0009\000.\0002\000.\0004\000\040\000L\000o\000a\000d\000F\000r\000o\000m\000I\000n\000d\000e\000x\000F\000i\000l\000e\000\050\000\051}{subsection.3.9.2}% 96
\BOOKMARK [3][-]{subsubsection.3.9.2.5}{\376\377\0003\000.\0009\000.\0002\000.\0005\000\040\000R\000e\000a\000d\000F\000r\000o\000m\000F\000i\000l\000e\000\050\000\051}{subsection.3.9.2}% 97
\BOOKMARK [3][-]{subsubsection.3.9.2.6}{\376\377\0003\000.\0009\000.\0002\000.\0006\000\040\000S\000e\000t\000B\000l\000o\000c\000k\000D\000i\000r\000e\000c\000t\000o\000r\000y\000\050\000\051}{subsection.3.9.2}% 98
\BOOKMARK [3][-]{subsubsection.3.9.2.7}{\376\377\0003\000.\0009\000.\0002\000.\0007\000\040\000W\000r\000i\000t\000e\000T\000o\000F\000i\000l\000e\000\050\000\051}{subsection.3.9.2}% 99
\BOOKMARK [1][-]{section.3.10}{\376\377\0003\000.\0001\0000\000\040\000P\000r\000i\000n\000t\000e\000r\000\040\000C\000l\000a\000s\000s\000\040\000R\000e\000f\000e\000r\000e\000n\000c\000e}{chapter.3}% 100
\BOOKMARK [2][-]{subsection.3.10.1}{\376\377\0003\000.\0001\0000\000.\0001\000\040\000D\000e\000t\000a\000i\000l\000e\000d\000\040\000D\000e\000s\000c\000r\000i\000p\000t\000i\000o\000n}{section.3.10}% 101
\BOOKMARK [2][-]{subsection.3.10.2}{\376\377\0003\000.\0001\0000\000.\0002\000\040\000M\000e\000m\000b\000e\000r\000\040\000F\000u\000n\000c\000t\000i\000o\000n\000\040\000D\000o\000c\000u\000m\000e\000n\000t\000a\000t\000i\000o\000n}{section.3.10}% 102
\BOOKMARK [3][-]{subsubsection.3.10.2.1}{\376\377\0003\000.\0001\0000\000.\0002\000.\0001\000\040\000p\000r\000i\000n\000t\000T\000a\000b\000l\000e\000\050\000\051}{subsection.3.10.2}% 103
\BOOKMARK [1][-]{section.3.11}{\376\377\0003\000.\0001\0001\000\040\000P\000r\000i\000n\000t\000e\000r\000C\000S\000V\000\040\000C\000l\000a\000s\000s\000\040\000R\000e\000f\000e\000r\000e\000n\000c\000e}{chapter.3}% 104
\BOOKMARK [2][-]{subsection.3.11.1}{\376\377\0003\000.\0001\0001\000.\0001\000\040\000D\000e\000t\000a\000i\000l\000e\000d\000\040\000D\000e\000s\000c\000r\000i\000p\000t\000i\000o\000n}{section.3.11}% 105
\BOOKMARK [2][-]{subsection.3.11.2}{\376\377\0003\000.\0001\0001\000.\0002\000\040\000M\000e\000m\000b\000e\000r\000\040\000F\000u\000n\000c\000t\000i\000o\000n\000\040\000D\000o\000c\000u\000m\000e\000n\000t\000a\000t\000i\000o\000n}{section.3.11}% 106
\BOOKMARK [3][-]{subsubsection.3.11.2.1}{\376\377\0003\000.\0001\0001\000.\0002\000.\0001\000\040\000p\000r\000i\000n\000t\000C\000S\000V\000\050\000\051}{subsection.3.11.2}% 107
\BOOKMARK [1][-]{section.3.12}{\376\377\0003\000.\0001\0002\000\040\000R\000e\000c\000o\000r\000d\000F\000o\000r\000m\000a\000t\000t\000e\000r\000\040\000C\000l\000a\000s\000s\000\040\000R\000e\000f\000e\000r\000e\000n\000c\000e}{chapter.3}% 108
\BOOKMARK [2][-]{subsection.3.12.1}{\376\377\0003\000.\0001\0002\000.\0001\000\040\000D\000e\000t\000a\000i\000l\000e\000d\000\040\000D\000e\000s\000c\000r\000i\000p\000t\000i\000o\000n}{section.3.12}% 109
\BOOKMARK [2][-]{subsection.3.12.2}{\376\377\0003\000.\0001\0002\000.\0002\000\040\000M\000e\000m\000b\000e\000r\000\040\000F\000u\000n\000c\000t\000i\000o\000n\000\040\000D\000o\000c\000u\000m\000e\000n\000t\000a\000t\000i\000o\000n}{section.3.12}% 110
\BOOKMARK [3][-]{subsubsection.3.12.2.1}{\376\377\0003\000.\0001\0002\000.\0002\000.\0001\000\040\000f\000o\000r\000m\000a\000t\000L\000a\000b\000e\000l\000e\000d\000\050\000\051}{subsection.3.12.2}% 111
\BOOKMARK [3][-]{subsubsection.3.12.2.2}{\376\377\0003\000.\0001\0002\000.\0002\000.\0002\000\040\000p\000a\000c\000k\000\050\000\051}{subsection.3.12.2}% 112
\BOOKMARK [3][-]{subsubsection.3.12.2.3}{\376\377\0003\000.\0001\0002\000.\0002\000.\0003\000\040\000u\000n\000p\000a\000c\000k\000\050\000\051}{subsection.3.12.2}% 113
\BOOKMARK [1][-]{section.3.13}{\376\377\0003\000.\0001\0003\000\040\000S\000t\000a\000t\000e\000E\000x\000t\000r\000e\000m\000e\000s\000\040\000S\000t\000r\000u\000c\000t\000\040\000R\000e\000f\000e\000r\000e\000n\000c\000e}{chapter.3}% 114
\BOOKMARK [2][-]{subsection.3.13.1}{\376\377\0003\000.\0001\0003\000.\0001\000\040\000D\000e\000t\000a\000i\000l\000e\000d\000\040\000D\000e\000s\000c\000r\000i\000p\000t\000i\000o\000n}{section.3.13}% 115
\BOOKMARK [2][-]{subsection.3.13.2}{\376\377\0003\000.\0001\0003\000.\0002\000\040\000M\000e\000m\000b\000e\000r\000\040\000D\000a\000t\000a\000\040\000D\000o\000c\000u\000m\000e\000n\000t\000a\000t\000i\000o\000n}{section.3.13}% 116
\BOOKMARK [3][-]{subsubsection.3.13.2.1}{\376\377\0003\000.\0001\0003\000.\0002\000.\0001\000\040\000e\000a\000s\000t\000e\000r\000n\000m\000o\000s\000t}{subsection.3.13.2}% 117
\BOOKMARK [3][-]{subsubsection.3.13.2.2}{\376\377\0003\000.\0001\0003\000.\0002\000.\0002\000\040\000i\000n\000i\000t\000i\000a\000l\000i\000z\000e\000d}{subsection.3.13.2}% 118
\BOOKMARK [3][-]{subsubsection.3.13.2.3}{\376\377\0003\000.\0001\0003\000.\0002\000.\0003\000\040\000n\000o\000r\000t\000h\000e\000r\000n\000m\000o\000s\000t}{subsection.3.13.2}% 119
\BOOKMARK [3][-]{subsubsection.3.13.2.4}{\376\377\0003\000.\0001\0003\000.\0002\000.\0004\000\040\000s\000o\000u\000t\000h\000e\000r\000n\000m\000o\000s\000t}{subsection.3.13.2}% 120
\BOOKMARK [3][-]{subsubsection.3.13.2.5}{\376\377\0003\000.\0001\0003\000.\0002\000.\0005\000\040\000w\000e\000s\000t\000e\000r\000n\000m\000o\000s\000t}{subsection.3.13.2}% 121
\BOOKMARK [1][-]{section.3.14}{\376\377\0003\000.\0001\0004\000\040\000Z\000i\000p\000C\000o\000d\000e\000B\000u\000f\000f\000e\000r\000\040\000C\000l\000a\000s\000s\000\040\000R\000e\000f\000e\000r\000e\000n\000c\000e}{chapter.3}% 122
\BOOKMARK [2][-]{subsection.3.14.1}{\376\377\0003\000.\0001\0004\000.\0001\000\040\000D\000e\000t\000a\000i\000l\000e\000d\000\040\000D\000e\000s\000c\000r\000i\000p\000t\000i\000o\000n}{section.3.14}% 123
\BOOKMARK [2][-]{subsection.3.14.2}{\376\377\0003\000.\0001\0004\000.\0002\000\040\000C\000o\000n\000s\000t\000r\000u\000c\000t\000o\000r\000\040\000\046\000\040\000D\000e\000s\000t\000r\000u\000c\000t\000o\000r\000\040\000D\000o\000c\000u\000m\000e\000n\000t\000a\000t\000i\000o\000n}{section.3.14}% 124
\BOOKMARK [3][-]{subsubsection.3.14.2.1}{\376\377\0003\000.\0001\0004\000.\0002\000.\0001\000\040\000Z\000i\000p\000C\000o\000d\000e\000B\000u\000f\000f\000e\000r\000\050\000\051}{subsection.3.14.2}% 125
\BOOKMARK [3][-]{subsubsection.3.14.2.2}{\376\377\0003\000.\0001\0004\000.\0002\000.\0002\000\040\000~\000Z\000i\000p\000C\000o\000d\000e\000B\000u\000f\000f\000e\000r\000\050\000\051}{subsection.3.14.2}% 126
\BOOKMARK [2][-]{subsection.3.14.3}{\376\377\0003\000.\0001\0004\000.\0003\000\040\000M\000e\000m\000b\000e\000r\000\040\000F\000u\000n\000c\000t\000i\000o\000n\000\040\000D\000o\000c\000u\000m\000e\000n\000t\000a\000t\000i\000o\000n}{section.3.14}% 127
\BOOKMARK [3][-]{subsubsection.3.14.3.1}{\376\377\0003\000.\0001\0004\000.\0003\000.\0001\000\040\000r\000e\000a\000d\000N\000e\000x\000t\000\050\000\051}{subsection.3.14.3}% 128
\BOOKMARK [1][-]{section.3.15}{\376\377\0003\000.\0001\0005\000\040\000Z\000i\000p\000C\000o\000d\000e\000R\000e\000c\000o\000r\000d\000\040\000C\000l\000a\000s\000s\000\040\000R\000e\000f\000e\000r\000e\000n\000c\000e}{chapter.3}% 129
\BOOKMARK [2][-]{subsection.3.15.1}{\376\377\0003\000.\0001\0005\000.\0001\000\040\000C\000o\000n\000s\000t\000r\000u\000c\000t\000o\000r\000\040\000\046\000\040\000D\000e\000s\000t\000r\000u\000c\000t\000o\000r\000\040\000D\000o\000c\000u\000m\000e\000n\000t\000a\000t\000i\000o\000n}{section.3.15}% 130
\BOOKMARK [3][-]{subsubsection.3.15.1.1}{\376\377\0003\000.\0001\0005\000.\0001\000.\0001\000\040\000Z\000i\000p\000C\000o\000d\000e\000R\000e\000c\000o\000r\000d\000\050\000\051\000\040\000[\0001\000/\0002\000]}{subsection.3.15.1}% 131
\BOOKMARK [3][-]{subsubsection.3.15.1.2}{\376\377\0003\000.\0001\0005\000.\0001\000.\0002\000\040\000Z\000i\000p\000C\000o\000d\000e\000R\000e\000c\000o\000r\000d\000\050\000\051\000\040\000[\0002\000/\0002\000]}{subsection.3.15.1}% 132
\BOOKMARK [2][-]{subsection.3.15.2}{\376\377\0003\000.\0001\0005\000.\0002\000\040\000M\000e\000m\000b\000e\000r\000\040\000F\000u\000n\000c\000t\000i\000o\000n\000\040\000D\000o\000c\000u\000m\000e\000n\000t\000a\000t\000i\000o\000n}{section.3.15}% 133
\BOOKMARK [3][-]{subsubsection.3.15.2.1}{\376\377\0003\000.\0001\0005\000.\0002\000.\0001\000\040\000g\000e\000t\000L\000a\000t\000i\000t\000u\000d\000e\000\050\000\051}{subsection.3.15.2}% 134
\BOOKMARK [3][-]{subsubsection.3.15.2.2}{\376\377\0003\000.\0001\0005\000.\0002\000.\0002\000\040\000g\000e\000t\000L\000o\000n\000g\000i\000t\000u\000d\000e\000\050\000\051}{subsection.3.15.2}% 135
\BOOKMARK [3][-]{subsubsection.3.15.2.3}{\376\377\0003\000.\0001\0005\000.\0002\000.\0003\000\040\000g\000e\000t\000S\000t\000a\000t\000e\000\050\000\051}{subsection.3.15.2}% 136
\BOOKMARK [3][-]{subsubsection.3.15.2.4}{\376\377\0003\000.\0001\0005\000.\0002\000.\0004\000\040\000g\000e\000t\000Z\000i\000p\000\050\000\051}{subsection.3.15.2}% 137
\BOOKMARK [0][-]{chapter.4}{\376\377\0004\000\040\000F\000i\000l\000e\000\040\000D\000o\000c\000u\000m\000e\000n\000t\000a\000t\000i\000o\000n}{}% 138
\BOOKMARK [1][-]{section.4.1}{\376\377\0004\000.\0001\000\040\000i\000n\000c\000l\000u\000d\000e\000/\000a\000n\000a\000l\000y\000z\000e\000r\000.\000h\000\040\000F\000i\000l\000e\000\040\000R\000e\000f\000e\000r\000e\000n\000c\000e}{chapter.4}% 139
\BOOKMARK [2][-]{subsection.4.1.1}{\376\377\0004\000.\0001\000.\0001\000\040\000D\000e\000t\000a\000i\000l\000e\000d\000\040\000D\000e\000s\000c\000r\000i\000p\000t\000i\000o\000n}{section.4.1}% 140
\BOOKMARK [1][-]{section.4.2}{\376\377\0004\000.\0002\000\040\000a\000n\000a\000l\000y\000z\000e\000r\000.\000h}{chapter.4}% 141
\BOOKMARK [1][-]{section.4.3}{\376\377\0004\000.\0003\000\040\000i\000n\000c\000l\000u\000d\000e\000/\000C\000s\000v\000T\000o\000L\000e\000n\000g\000t\000h\000.\000h\000\040\000F\000i\000l\000e\000\040\000R\000e\000f\000e\000r\000e\000n\000c\000e}{chapter.4}% 142
\BOOKMARK [2][-]{subsection.4.3.1}{\376\377\0004\000.\0003\000.\0001\000\040\000D\000e\000t\000a\000i\000l\000e\000d\000\040\000D\000e\000s\000c\000r\000i\000p\000t\000i\000o\000n}{section.4.3}% 143
\BOOKMARK [1][-]{section.4.4}{\376\377\0004\000.\0004\000\040\000C\000s\000v\000T\000o\000L\000e\000n\000g\000t\000h\000.\000h}{chapter.4}% 144
\BOOKMARK [1][-]{section.4.5}{\376\377\0004\000.\0005\000\040\000i\000n\000c\000l\000u\000d\000e\000/\000H\000e\000a\000d\000e\000r\000R\000e\000c\000o\000r\000d\000.\000h\000\040\000F\000i\000l\000e\000\040\000R\000e\000f\000e\000r\000e\000n\000c\000e}{chapter.4}% 145
\BOOKMARK [2][-]{subsection.4.5.1}{\376\377\0004\000.\0005\000.\0001\000\040\000D\000e\000t\000a\000i\000l\000e\000d\000\040\000D\000e\000s\000c\000r\000i\000p\000t\000i\000o\000n}{section.4.5}% 146
\BOOKMARK [1][-]{section.4.6}{\376\377\0004\000.\0006\000\040\000H\000e\000a\000d\000e\000r\000R\000e\000c\000o\000r\000d\000.\000h}{chapter.4}% 147
\BOOKMARK [1][-]{section.4.7}{\376\377\0004\000.\0007\000\040\000i\000n\000c\000l\000u\000d\000e\000/\000L\000e\000n\000g\000t\000h\000\137\000I\000n\000d\000i\000c\000a\000t\000e\000d\000\137\000Z\000i\000p\000C\000o\000d\000e\000B\000u\000f\000f\000e\000r\000.\000h\000\040\000F\000i\000l\000e\000\040\000R\000e\000f\000e\000r\000e\000n\000c\000e}{chapter.4}% 148
\BOOKMARK [2][-]{subsection.4.7.1}{\376\377\0004\000.\0007\000.\0001\000\040\000D\000e\000t\000a\000i\000l\000e\000d\000\040\000D\000e\000s\000c\000r\000i\000p\000t\000i\000o\000n}{section.4.7}% 149
\BOOKMARK [1][-]{section.4.8}{\376\377\0004\000.\0008\000\040\000L\000e\000n\000g\000t\000h\000\137\000I\000n\000d\000i\000c\000a\000t\000e\000d\000\137\000Z\000i\000p\000C\000o\000d\000e\000B\000u\000f\000f\000e\000r\000.\000h}{chapter.4}% 150
\BOOKMARK [1][-]{section.4.9}{\376\377\0004\000.\0009\000\040\000i\000n\000c\000l\000u\000d\000e\000/\000P\000r\000i\000m\000a\000r\000y\000K\000e\000y\000I\000n\000d\000e\000x\000.\000h\000\040\000F\000i\000l\000e\000\040\000R\000e\000f\000e\000r\000e\000n\000c\000e}{chapter.4}% 151
\BOOKMARK [2][-]{subsection.4.9.1}{\376\377\0004\000.\0009\000.\0001\000\040\000D\000e\000t\000a\000i\000l\000e\000d\000\040\000D\000e\000s\000c\000r\000i\000p\000t\000i\000o\000n}{section.4.9}% 152
\BOOKMARK [1][-]{section.4.10}{\376\377\0004\000.\0001\0000\000\040\000P\000r\000i\000m\000a\000r\000y\000K\000e\000y\000I\000n\000d\000e\000x\000.\000h}{chapter.4}% 153
\BOOKMARK [1][-]{section.4.11}{\376\377\0004\000.\0001\0001\000\040\000i\000n\000c\000l\000u\000d\000e\000/\000P\000r\000i\000n\000t\000e\000r\000.\000h\000\040\000F\000i\000l\000e\000\040\000R\000e\000f\000e\000r\000e\000n\000c\000e}{chapter.4}% 154
\BOOKMARK [2][-]{subsection.4.11.1}{\376\377\0004\000.\0001\0001\000.\0001\000\040\000D\000e\000t\000a\000i\000l\000e\000d\000\040\000D\000e\000s\000c\000r\000i\000p\000t\000i\000o\000n}{section.4.11}% 155
\BOOKMARK [1][-]{section.4.12}{\376\377\0004\000.\0001\0002\000\040\000P\000r\000i\000n\000t\000e\000r\000.\000h}{chapter.4}% 156
\BOOKMARK [1][-]{section.4.13}{\376\377\0004\000.\0001\0003\000\040\000i\000n\000c\000l\000u\000d\000e\000/\000P\000r\000i\000n\000t\000e\000r\000C\000S\000V\000.\000h\000\040\000F\000i\000l\000e\000\040\000R\000e\000f\000e\000r\000e\000n\000c\000e}{chapter.4}% 157
\BOOKMARK [2][-]{subsection.4.13.1}{\376\377\0004\000.\0001\0003\000.\0001\000\040\000D\000e\000t\000a\000i\000l\000e\000d\000\040\000D\000e\000s\000c\000r\000i\000p\000t\000i\000o\000n}{section.4.13}% 158
\BOOKMARK [1][-]{section.4.14}{\376\377\0004\000.\0001\0004\000\040\000P\000r\000i\000n\000t\000e\000r\000C\000S\000V\000.\000h}{chapter.4}% 159
\BOOKMARK [1][-]{section.4.15}{\376\377\0004\000.\0001\0005\000\040\000i\000n\000c\000l\000u\000d\000e\000/\000P\000r\000o\000j\000e\000c\000t\000\040\0003\000.\0000\000/\000B\000l\000o\000c\000k\000.\000h\000\040\000F\000i\000l\000e\000\040\000R\000e\000f\000e\000r\000e\000n\000c\000e}{chapter.4}% 160
\BOOKMARK [2][-]{subsection.4.15.1}{\376\377\0004\000.\0001\0005\000.\0001\000\040\000D\000e\000t\000a\000i\000l\000e\000d\000\040\000D\000e\000s\000c\000r\000i\000p\000t\000i\000o\000n}{section.4.15}% 161
\BOOKMARK [1][-]{section.4.16}{\376\377\0004\000.\0001\0006\000\040\000B\000l\000o\000c\000k\000.\000h}{chapter.4}% 162
\BOOKMARK [1][-]{section.4.17}{\376\377\0004\000.\0001\0007\000\040\000i\000n\000c\000l\000u\000d\000e\000/\000P\000r\000o\000j\000e\000c\000t\000\040\0003\000.\0000\000/\000B\000l\000o\000c\000k\000B\000u\000f\000f\000e\000r\000.\000h\000\040\000F\000i\000l\000e\000\040\000R\000e\000f\000e\000r\000e\000n\000c\000e}{chapter.4}% 163
\BOOKMARK [2][-]{subsection.4.17.1}{\376\377\0004\000.\0001\0007\000.\0001\000\040\000D\000e\000t\000a\000i\000l\000e\000d\000\040\000D\000e\000s\000c\000r\000i\000p\000t\000i\000o\000n}{section.4.17}% 164
\BOOKMARK [1][-]{section.4.18}{\376\377\0004\000.\0001\0008\000\040\000B\000l\000o\000c\000k\000B\000u\000f\000f\000e\000r\000.\000h}{chapter.4}% 165
\BOOKMARK [1][-]{section.4.19}{\376\377\0004\000.\0001\0009\000\040\000i\000n\000c\000l\000u\000d\000e\000/\000P\000r\000o\000j\000e\000c\000t\000\040\0003\000.\0000\000/\000B\000l\000o\000c\000k\000e\000d\000S\000e\000q\000u\000e\000n\000c\000e\000.\000h\000\040\000F\000i\000l\000e\000\040\000R\000e\000f\000e\000r\000e\000n\000c\000e}{chapter.4}% 166
\BOOKMARK [2][-]{subsection.4.19.1}{\376\377\0004\000.\0001\0009\000.\0001\000\040\000D\000e\000t\000a\000i\000l\000e\000d\000\040\000D\000e\000s\000c\000r\000i\000p\000t\000i\000o\000n}{section.4.19}% 167
\BOOKMARK [1][-]{section.4.20}{\376\377\0004\000.\0002\0000\000\040\000B\000l\000o\000c\000k\000e\000d\000S\000e\000q\000u\000e\000n\000c\000e\000.\000h}{chapter.4}% 168
\BOOKMARK [1][-]{section.4.21}{\376\377\0004\000.\0002\0001\000\040\000i\000n\000c\000l\000u\000d\000e\000/\000P\000r\000o\000j\000e\000c\000t\000\040\0003\000.\0000\000/\000H\000e\000a\000d\000e\000r\000B\000u\000f\000f\000e\000r\000.\000h\000\040\000F\000i\000l\000e\000\040\000R\000e\000f\000e\000r\000e\000n\000c\000e}{chapter.4}% 169
\BOOKMARK [2][-]{subsection.4.21.1}{\376\377\0004\000.\0002\0001\000.\0001\000\040\000D\000e\000t\000a\000i\000l\000e\000d\000\040\000D\000e\000s\000c\000r\000i\000p\000t\000i\000o\000n}{section.4.21}% 170
\BOOKMARK [1][-]{section.4.22}{\376\377\0004\000.\0002\0002\000\040\000H\000e\000a\000d\000e\000r\000B\000u\000f\000f\000e\000r\000.\000h}{chapter.4}% 171
\BOOKMARK [1][-]{section.4.23}{\376\377\0004\000.\0002\0003\000\040\000i\000n\000c\000l\000u\000d\000e\000/\000R\000e\000c\000o\000r\000d\000F\000o\000r\000m\000a\000t\000t\000e\000r\000.\000h\000\040\000F\000i\000l\000e\000\040\000R\000e\000f\000e\000r\000e\000n\000c\000e}{chapter.4}% 172
\BOOKMARK [2][-]{subsection.4.23.1}{\376\377\0004\000.\0002\0003\000.\0001\000\040\000D\000e\000t\000a\000i\000l\000e\000d\000\040\000D\000e\000s\000c\000r\000i\000p\000t\000i\000o\000n}{section.4.23}% 173
\BOOKMARK [1][-]{section.4.24}{\376\377\0004\000.\0002\0004\000\040\000R\000e\000c\000o\000r\000d\000F\000o\000r\000m\000a\000t\000t\000e\000r\000.\000h}{chapter.4}% 174
\BOOKMARK [1][-]{section.4.25}{\376\377\0004\000.\0002\0005\000\040\000i\000n\000c\000l\000u\000d\000e\000/\000S\000t\000a\000t\000e\000E\000x\000t\000r\000e\000m\000e\000s\000.\000h\000\040\000F\000i\000l\000e\000\040\000R\000e\000f\000e\000r\000e\000n\000c\000e}{chapter.4}% 175
\BOOKMARK [2][-]{subsection.4.25.1}{\376\377\0004\000.\0002\0005\000.\0001\000\040\000D\000e\000t\000a\000i\000l\000e\000d\000\040\000D\000e\000s\000c\000r\000i\000p\000t\000i\000o\000n}{section.4.25}% 176
\BOOKMARK [1][-]{section.4.26}{\376\377\0004\000.\0002\0006\000\040\000S\000t\000a\000t\000e\000E\000x\000t\000r\000e\000m\000e\000s\000.\000h}{chapter.4}% 177
\BOOKMARK [1][-]{section.4.27}{\376\377\0004\000.\0002\0007\000\040\000i\000n\000c\000l\000u\000d\000e\000/\000Z\000i\000p\000C\000o\000d\000e\000B\000u\000f\000f\000e\000r\000.\000h\000\040\000F\000i\000l\000e\000\040\000R\000e\000f\000e\000r\000e\000n\000c\000e}{chapter.4}% 178
\BOOKMARK [2][-]{subsection.4.27.1}{\376\377\0004\000.\0002\0007\000.\0001\000\040\000D\000e\000t\000a\000i\000l\000e\000d\000\040\000D\000e\000s\000c\000r\000i\000p\000t\000i\000o\000n}{section.4.27}% 179
\BOOKMARK [1][-]{section.4.28}{\376\377\0004\000.\0002\0008\000\040\000Z\000i\000p\000C\000o\000d\000e\000B\000u\000f\000f\000e\000r\000.\000h}{chapter.4}% 180
\BOOKMARK [1][-]{section.4.29}{\376\377\0004\000.\0002\0009\000\040\000i\000n\000c\000l\000u\000d\000e\000/\000Z\000i\000p\000C\000o\000d\000e\000R\000e\000c\000o\000r\000d\000.\000h\000\040\000F\000i\000l\000e\000\040\000R\000e\000f\000e\000r\000e\000n\000c\000e}{chapter.4}% 181
\BOOKMARK [2][-]{subsection.4.29.1}{\376\377\0004\000.\0002\0009\000.\0001\000\040\000D\000e\000t\000a\000i\000l\000e\000d\000\040\000D\000e\000s\000c\000r\000i\000p\000t\000i\000o\000n}{section.4.29}% 182
\BOOKMARK [1][-]{section.4.30}{\376\377\0004\000.\0003\0000\000\040\000Z\000i\000p\000C\000o\000d\000e\000R\000e\000c\000o\000r\000d\000.\000h}{chapter.4}% 183
\BOOKMARK [1][-]{section.4.31}{\376\377\0004\000.\0003\0001\000\040\000s\000r\000c\000/\000a\000n\000a\000l\000y\000z\000e\000r\000.\000c\000p\000p\000\040\000F\000i\000l\000e\000\040\000R\000e\000f\000e\000r\000e\000n\000c\000e}{chapter.4}% 184
\BOOKMARK [2][-]{subsection.4.31.1}{\376\377\0004\000.\0003\0001\000.\0001\000\040\000D\000e\000t\000a\000i\000l\000e\000d\000\040\000D\000e\000s\000c\000r\000i\000p\000t\000i\000o\000n}{section.4.31}% 185
\BOOKMARK [1][-]{section.4.32}{\376\377\0004\000.\0003\0002\000\040\000s\000r\000c\000/\000C\000s\000v\000T\000o\000L\000e\000n\000g\000t\000h\000.\000c\000p\000p\000\040\000F\000i\000l\000e\000\040\000R\000e\000f\000e\000r\000e\000n\000c\000e}{chapter.4}% 186
\BOOKMARK [2][-]{subsection.4.32.1}{\376\377\0004\000.\0003\0002\000.\0001\000\040\000D\000e\000t\000a\000i\000l\000e\000d\000\040\000D\000e\000s\000c\000r\000i\000p\000t\000i\000o\000n}{section.4.32}% 187
\BOOKMARK [2][-]{subsection.4.32.2}{\376\377\0004\000.\0003\0002\000.\0002\000\040\000M\000a\000c\000r\000o\000\040\000D\000e\000f\000i\000n\000i\000t\000i\000o\000n\000\040\000D\000o\000c\000u\000m\000e\000n\000t\000a\000t\000i\000o\000n}{section.4.32}% 188
\BOOKMARK [3][-]{subsubsection.4.32.2.1}{\376\377\0004\000.\0003\0002\000.\0002\000.\0001\000\040\000C\000S\000V\000T\000O\000L\000E\000N\000G\000T\000H\000\137\000C\000P\000P}{subsection.4.32.2}% 189
\BOOKMARK [1][-]{section.4.33}{\376\377\0004\000.\0003\0003\000\040\000s\000r\000c\000/\000d\000r\000i\000v\000e\000r\000\137\000c\000s\000v\000\137\000t\000o\000\137\000l\000e\000n\000g\000t\000h\000\137\000i\000n\000d\000i\000c\000a\000t\000e\000d\000.\000c\000p\000p\000\040\000F\000i\000l\000e\000\040\000R\000e\000f\000e\000r\000e\000n\000c\000e}{chapter.4}% 190
\BOOKMARK [2][-]{subsection.4.33.1}{\376\377\0004\000.\0003\0003\000.\0001\000\040\000D\000e\000t\000a\000i\000l\000e\000d\000\040\000D\000e\000s\000c\000r\000i\000p\000t\000i\000o\000n}{section.4.33}% 191
\BOOKMARK [2][-]{subsection.4.33.2}{\376\377\0004\000.\0003\0003\000.\0002\000\040\000F\000u\000n\000c\000t\000i\000o\000n\000\040\000D\000o\000c\000u\000m\000e\000n\000t\000a\000t\000i\000o\000n}{section.4.33}% 192
\BOOKMARK [3][-]{subsubsection.4.33.2.1}{\376\377\0004\000.\0003\0003\000.\0002\000.\0001\000\040\000m\000a\000i\000n\000\050\000\051}{subsection.4.33.2}% 193
\BOOKMARK [1][-]{section.4.34}{\376\377\0004\000.\0003\0004\000\040\000s\000r\000c\000/\000H\000e\000a\000d\000e\000r\000R\000e\000c\000o\000r\000d\000.\000c\000p\000p\000\040\000F\000i\000l\000e\000\040\000R\000e\000f\000e\000r\000e\000n\000c\000e}{chapter.4}% 194
\BOOKMARK [2][-]{subsection.4.34.1}{\376\377\0004\000.\0003\0004\000.\0001\000\040\000D\000e\000t\000a\000i\000l\000e\000d\000\040\000D\000e\000s\000c\000r\000i\000p\000t\000i\000o\000n}{section.4.34}% 195
\BOOKMARK [2][-]{subsection.4.34.2}{\376\377\0004\000.\0003\0004\000.\0002\000\040\000M\000a\000c\000r\000o\000\040\000D\000e\000f\000i\000n\000i\000t\000i\000o\000n\000\040\000D\000o\000c\000u\000m\000e\000n\000t\000a\000t\000i\000o\000n}{section.4.34}% 196
\BOOKMARK [3][-]{subsubsection.4.34.2.1}{\376\377\0004\000.\0003\0004\000.\0002\000.\0001\000\040\000H\000E\000A\000D\000E\000R\000R\000E\000C\000O\000R\000D\000\137\000C\000P\000P}{subsection.4.34.2}% 197
\BOOKMARK [2][-]{subsection.4.34.3}{\376\377\0004\000.\0003\0004\000.\0003\000\040\000F\000u\000n\000c\000t\000i\000o\000n\000\040\000D\000o\000c\000u\000m\000e\000n\000t\000a\000t\000i\000o\000n}{section.4.34}% 198
\BOOKMARK [3][-]{subsubsection.4.34.3.1}{\376\377\0004\000.\0003\0004\000.\0003\000.\0001\000\040\000o\000p\000e\000r\000a\000t\000o\000r\000+\000\050\000\051\000\040\000[\0001\000/\0002\000]}{subsection.4.34.3}% 199
\BOOKMARK [3][-]{subsubsection.4.34.3.2}{\376\377\0004\000.\0003\0004\000.\0003\000.\0002\000\040\000o\000p\000e\000r\000a\000t\000o\000r\000+\000\050\000\051\000\040\000[\0002\000/\0002\000]}{subsection.4.34.3}% 200
\BOOKMARK [1][-]{section.4.35}{\376\377\0004\000.\0003\0005\000\040\000s\000r\000c\000/\000L\000e\000n\000g\000t\000h\000\137\000I\000n\000d\000i\000c\000a\000t\000e\000d\000\137\000Z\000i\000p\000C\000o\000d\000e\000B\000u\000f\000f\000e\000r\000.\000c\000p\000p\000\040\000F\000i\000l\000e\000\040\000R\000e\000f\000e\000r\000e\000n\000c\000e}{chapter.4}% 201
\BOOKMARK [2][-]{subsection.4.35.1}{\376\377\0004\000.\0003\0005\000.\0001\000\040\000D\000e\000t\000a\000i\000l\000e\000d\000\040\000D\000e\000s\000c\000r\000i\000p\000t\000i\000o\000n}{section.4.35}% 202
\BOOKMARK [1][-]{section.4.36}{\376\377\0004\000.\0003\0006\000\040\000s\000r\000c\000/\000m\000a\000i\000n\000.\000c\000p\000p\000\040\000F\000i\000l\000e\000\040\000R\000e\000f\000e\000r\000e\000n\000c\000e}{chapter.4}% 203
\BOOKMARK [2][-]{subsection.4.36.1}{\376\377\0004\000.\0003\0006\000.\0001\000\040\000D\000e\000t\000a\000i\000l\000e\000d\000\040\000D\000e\000s\000c\000r\000i\000p\000t\000i\000o\000n}{section.4.36}% 204
\BOOKMARK [2][-]{subsection.4.36.2}{\376\377\0004\000.\0003\0006\000.\0002\000\040\000F\000u\000n\000c\000t\000i\000o\000n\000\040\000D\000o\000c\000u\000m\000e\000n\000t\000a\000t\000i\000o\000n}{section.4.36}% 205
\BOOKMARK [3][-]{subsubsection.4.36.2.1}{\376\377\0004\000.\0003\0006\000.\0002\000.\0001\000\040\000m\000a\000i\000n\000\050\000\051}{subsection.4.36.2}% 206
\BOOKMARK [1][-]{section.4.37}{\376\377\0004\000.\0003\0007\000\040\000s\000r\000c\000/\000P\000r\000i\000m\000a\000r\000y\000K\000e\000y\000I\000n\000d\000e\000x\000.\000c\000p\000p\000\040\000F\000i\000l\000e\000\040\000R\000e\000f\000e\000r\000e\000n\000c\000e}{chapter.4}% 207
\BOOKMARK [2][-]{subsection.4.37.1}{\376\377\0004\000.\0003\0007\000.\0001\000\040\000D\000e\000t\000a\000i\000l\000e\000d\000\040\000D\000e\000s\000c\000r\000i\000p\000t\000i\000o\000n}{section.4.37}% 208
\BOOKMARK [2][-]{subsection.4.37.2}{\376\377\0004\000.\0003\0007\000.\0002\000\040\000M\000a\000c\000r\000o\000\040\000D\000e\000f\000i\000n\000i\000t\000i\000o\000n\000\040\000D\000o\000c\000u\000m\000e\000n\000t\000a\000t\000i\000o\000n}{section.4.37}% 209
\BOOKMARK [3][-]{subsubsection.4.37.2.1}{\376\377\0004\000.\0003\0007\000.\0002\000.\0001\000\040\000P\000R\000I\000M\000A\000R\000Y\000K\000E\000Y\000I\000N\000D\000E\000X\000\137\000C\000P\000P}{subsection.4.37.2}% 210
\BOOKMARK [1][-]{section.4.38}{\376\377\0004\000.\0003\0008\000\040\000s\000r\000c\000/\000p\000r\000i\000n\000t\000e\000r\000.\000c\000p\000p\000\040\000F\000i\000l\000e\000\040\000R\000e\000f\000e\000r\000e\000n\000c\000e}{chapter.4}% 211
\BOOKMARK [2][-]{subsection.4.38.1}{\376\377\0004\000.\0003\0008\000.\0001\000\040\000D\000e\000t\000a\000i\000l\000e\000d\000\040\000D\000e\000s\000c\000r\000i\000p\000t\000i\000o\000n}{section.4.38}% 212
\BOOKMARK [2][-]{subsection.4.38.2}{\376\377\0004\000.\0003\0008\000.\0002\000\040\000M\000a\000c\000r\000o\000\040\000D\000e\000f\000i\000n\000i\000t\000i\000o\000n\000\040\000D\000o\000c\000u\000m\000e\000n\000t\000a\000t\000i\000o\000n}{section.4.38}% 213
\BOOKMARK [3][-]{subsubsection.4.38.2.1}{\376\377\0004\000.\0003\0008\000.\0002\000.\0001\000\040\000P\000R\000I\000N\000T\000E\000R\000\137\000C\000P\000P}{subsection.4.38.2}% 214
\BOOKMARK [1][-]{section.4.39}{\376\377\0004\000.\0003\0009\000\040\000s\000r\000c\000/\000p\000r\000i\000n\000t\000e\000r\000C\000S\000V\000.\000c\000p\000p\000\040\000F\000i\000l\000e\000\040\000R\000e\000f\000e\000r\000e\000n\000c\000e}{chapter.4}% 215
\BOOKMARK [2][-]{subsection.4.39.1}{\376\377\0004\000.\0003\0009\000.\0001\000\040\000D\000e\000t\000a\000i\000l\000e\000d\000\040\000D\000e\000s\000c\000r\000i\000p\000t\000i\000o\000n}{section.4.39}% 216
\BOOKMARK [2][-]{subsection.4.39.2}{\376\377\0004\000.\0003\0009\000.\0002\000\040\000M\000a\000c\000r\000o\000\040\000D\000e\000f\000i\000n\000i\000t\000i\000o\000n\000\040\000D\000o\000c\000u\000m\000e\000n\000t\000a\000t\000i\000o\000n}{section.4.39}% 217
\BOOKMARK [3][-]{subsubsection.4.39.2.1}{\376\377\0004\000.\0003\0009\000.\0002\000.\0001\000\040\000P\000R\000I\000N\000T\000E\000R\000C\000S\000V\000\137\000C\000P\000P}{subsection.4.39.2}% 218
\BOOKMARK [1][-]{section.4.40}{\376\377\0004\000.\0004\0000\000\040\000s\000r\000c\000/\000P\000r\000o\000j\000e\000c\000t\000\040\0003\000.\0000\000/\000B\000l\000o\000c\000k\000.\000c\000p\000p\000\040\000F\000i\000l\000e\000\040\000R\000e\000f\000e\000r\000e\000n\000c\000e}{chapter.4}% 219
\BOOKMARK [2][-]{subsection.4.40.1}{\376\377\0004\000.\0004\0000\000.\0001\000\040\000D\000e\000t\000a\000i\000l\000e\000d\000\040\000D\000e\000s\000c\000r\000i\000p\000t\000i\000o\000n}{section.4.40}% 220
\BOOKMARK [2][-]{subsection.4.40.2}{\376\377\0004\000.\0004\0000\000.\0002\000\040\000M\000a\000c\000r\000o\000\040\000D\000e\000f\000i\000n\000i\000t\000i\000o\000n\000\040\000D\000o\000c\000u\000m\000e\000n\000t\000a\000t\000i\000o\000n}{section.4.40}% 221
\BOOKMARK [3][-]{subsubsection.4.40.2.1}{\376\377\0004\000.\0004\0000\000.\0002\000.\0001\000\040\000B\000L\000O\000C\000K\000\137\000C\000P\000P}{subsection.4.40.2}% 222
\BOOKMARK [1][-]{section.4.41}{\376\377\0004\000.\0004\0001\000\040\000s\000r\000c\000/\000P\000r\000o\000j\000e\000c\000t\000\040\0003\000.\0000\000/\000B\000l\000o\000c\000k\000B\000u\000f\000f\000e\000r\000.\000c\000p\000p\000\040\000F\000i\000l\000e\000\040\000R\000e\000f\000e\000r\000e\000n\000c\000e}{chapter.4}% 223
\BOOKMARK [2][-]{subsection.4.41.1}{\376\377\0004\000.\0004\0001\000.\0001\000\040\000D\000e\000t\000a\000i\000l\000e\000d\000\040\000D\000e\000s\000c\000r\000i\000p\000t\000i\000o\000n}{section.4.41}% 224
\BOOKMARK [1][-]{section.4.42}{\376\377\0004\000.\0004\0002\000\040\000s\000r\000c\000/\000P\000r\000o\000j\000e\000c\000t\000\040\0003\000.\0000\000/\000B\000l\000o\000c\000k\000e\000d\000S\000e\000q\000u\000e\000n\000c\000e\000.\000c\000p\000p\000\040\000F\000i\000l\000e\000\040\000R\000e\000f\000e\000r\000e\000n\000c\000e}{chapter.4}% 225
\BOOKMARK [2][-]{subsection.4.42.1}{\376\377\0004\000.\0004\0002\000.\0001\000\040\000D\000e\000t\000a\000i\000l\000e\000d\000\040\000D\000e\000s\000c\000r\000i\000p\000t\000i\000o\000n}{section.4.42}% 226
\BOOKMARK [2][-]{subsection.4.42.2}{\376\377\0004\000.\0004\0002\000.\0002\000\040\000M\000a\000c\000r\000o\000\040\000D\000e\000f\000i\000n\000i\000t\000i\000o\000n\000\040\000D\000o\000c\000u\000m\000e\000n\000t\000a\000t\000i\000o\000n}{section.4.42}% 227
\BOOKMARK [3][-]{subsubsection.4.42.2.1}{\376\377\0004\000.\0004\0002\000.\0002\000.\0001\000\040\000B\000L\000O\000C\000K\000E\000D\000S\000E\000Q\000U\000E\000N\000C\000E\000\137\000C\000P\000P}{subsection.4.42.2}% 228
\BOOKMARK [1][-]{section.4.43}{\376\377\0004\000.\0004\0003\000\040\000s\000r\000c\000/\000P\000r\000o\000j\000e\000c\000t\000\040\0003\000.\0000\000/\000H\000e\000a\000d\000e\000r\000B\000u\000f\000f\000e\000r\000.\000c\000p\000p\000\040\000F\000i\000l\000e\000\040\000R\000e\000f\000e\000r\000e\000n\000c\000e}{chapter.4}% 229
\BOOKMARK [2][-]{subsection.4.43.1}{\376\377\0004\000.\0004\0003\000.\0001\000\040\000D\000e\000t\000a\000i\000l\000e\000d\000\040\000D\000e\000s\000c\000r\000i\000p\000t\000i\000o\000n}{section.4.43}% 230
\BOOKMARK [2][-]{subsection.4.43.2}{\376\377\0004\000.\0004\0003\000.\0002\000\040\000M\000a\000c\000r\000o\000\040\000D\000e\000f\000i\000n\000i\000t\000i\000o\000n\000\040\000D\000o\000c\000u\000m\000e\000n\000t\000a\000t\000i\000o\000n}{section.4.43}% 231
\BOOKMARK [3][-]{subsubsection.4.43.2.1}{\376\377\0004\000.\0004\0003\000.\0002\000.\0001\000\040\000H\000E\000A\000D\000B\000U\000F\000F\000E\000R\000\137\000C\000P\000P}{subsection.4.43.2}% 232
\BOOKMARK [1][-]{section.4.44}{\376\377\0004\000.\0004\0004\000\040\000s\000r\000c\000/\000P\000r\000o\000j\000e\000c\000t\000\040\0003\000.\0000\000/\000T\000e\000s\000t\000D\000r\000i\000v\000e\000r\000.\000c\000p\000p\000\040\000F\000i\000l\000e\000\040\000R\000e\000f\000e\000r\000e\000n\000c\000e}{chapter.4}% 233
\BOOKMARK [2][-]{subsection.4.44.1}{\376\377\0004\000.\0004\0004\000.\0001\000\040\000D\000e\000t\000a\000i\000l\000e\000d\000\040\000D\000e\000s\000c\000r\000i\000p\000t\000i\000o\000n}{section.4.44}% 234
\BOOKMARK [2][-]{subsection.4.44.2}{\376\377\0004\000.\0004\0004\000.\0002\000\040\000F\000u\000n\000c\000t\000i\000o\000n\000\040\000D\000o\000c\000u\000m\000e\000n\000t\000a\000t\000i\000o\000n}{section.4.44}% 235
\BOOKMARK [3][-]{subsubsection.4.44.2.1}{\376\377\0004\000.\0004\0004\000.\0002\000.\0001\000\040\000m\000a\000i\000n\000\050\000\051}{subsection.4.44.2}% 236
\BOOKMARK [1][-]{section.4.45}{\376\377\0004\000.\0004\0005\000\040\000s\000r\000c\000/\000R\000e\000c\000o\000r\000d\000F\000o\000r\000m\000a\000t\000t\000e\000r\000.\000c\000p\000p\000\040\000F\000i\000l\000e\000\040\000R\000e\000f\000e\000r\000e\000n\000c\000e}{chapter.4}% 237
\BOOKMARK [2][-]{subsection.4.45.1}{\376\377\0004\000.\0004\0005\000.\0001\000\040\000D\000e\000t\000a\000i\000l\000e\000d\000\040\000D\000e\000s\000c\000r\000i\000p\000t\000i\000o\000n}{section.4.45}% 238
\BOOKMARK [1][-]{section.4.46}{\376\377\0004\000.\0004\0006\000\040\000s\000r\000c\000/\000S\000e\000a\000r\000c\000h\000I\000n\000d\000e\000x\000.\000c\000p\000p\000\040\000F\000i\000l\000e\000\040\000R\000e\000f\000e\000r\000e\000n\000c\000e}{chapter.4}% 239
\BOOKMARK [2][-]{subsection.4.46.1}{\376\377\0004\000.\0004\0006\000.\0001\000\040\000D\000e\000t\000a\000i\000l\000e\000d\000\040\000D\000e\000s\000c\000r\000i\000p\000t\000i\000o\000n}{section.4.46}% 240
\BOOKMARK [2][-]{subsection.4.46.2}{\376\377\0004\000.\0004\0006\000.\0002\000\040\000F\000u\000n\000c\000t\000i\000o\000n\000\040\000D\000o\000c\000u\000m\000e\000n\000t\000a\000t\000i\000o\000n}{section.4.46}% 241
\BOOKMARK [3][-]{subsubsection.4.46.2.1}{\376\377\0004\000.\0004\0006\000.\0002\000.\0001\000\040\000m\000a\000i\000n\000\050\000\051}{subsection.4.46.2}% 242
\BOOKMARK [1][-]{section.4.47}{\376\377\0004\000.\0004\0007\000\040\000s\000r\000c\000/\000Z\000i\000p\000C\000o\000d\000e\000B\000u\000f\000f\000e\000r\000.\000c\000p\000p\000\040\000F\000i\000l\000e\000\040\000R\000e\000f\000e\000r\000e\000n\000c\000e}{chapter.4}% 243
\BOOKMARK [2][-]{subsection.4.47.1}{\376\377\0004\000.\0004\0007\000.\0001\000\040\000D\000e\000t\000a\000i\000l\000e\000d\000\040\000D\000e\000s\000c\000r\000i\000p\000t\000i\000o\000n}{section.4.47}% 244
\BOOKMARK [1][-]{section.4.48}{\376\377\0004\000.\0004\0008\000\040\000s\000r\000c\000/\000Z\000i\000p\000C\000o\000d\000e\000R\000e\000c\000o\000r\000d\000.\000c\000p\000p\000\040\000F\000i\000l\000e\000\040\000R\000e\000f\000e\000r\000e\000n\000c\000e}{chapter.4}% 245
\BOOKMARK [2][-]{subsection.4.48.1}{\376\377\0004\000.\0004\0008\000.\0001\000\040\000D\000e\000t\000a\000i\000l\000e\000d\000\040\000D\000e\000s\000c\000r\000i\000p\000t\000i\000o\000n}{section.4.48}% 246
